<?xml version="1.0" encoding="UTF-8"?>
<testng-results total="1" passed="1" failed="0" skipped="0">
  <reporter-output>
  </reporter-output>
  <suite started-at="2024-01-02T16:22:26Z" name="Default suite" finished-at="2024-01-02T16:22:27Z" duration-ms="257">
    <groups>
    </groups>
    <test started-at="2024-01-02T16:22:26Z" name="Default test" finished-at="2024-01-02T16:22:27Z" duration-ms="257">
      <class name="utils.ConnectionTest">
        <test-method signature="f()" started-at="2024-01-02T16:22:26Z" name="f" finished-at="2024-01-02T16:22:27Z" duration-ms="242" status="PASS">
        </test-method>
      </class>
    </test>
  </suite>
</testng-results>
